WARN main org.hibernate.cfg.SettingsFactory - Could not obtain connection to query metadata
 com.mysql.jdbc.exceptions.jdbc4.CommunicationsException: Communications link failure

The last packet sent successfully to the server was 0 milliseconds ago. The driver has not received any packets from the server.
	at sun.reflect.NativeConstructorAccessorImpl.newInstance0(Native Method)
	at sun.reflect.NativeConstructorAccessorImpl.newInstance(NativeConstructorAccessorImpl.java:57)
	at sun.reflect.DelegatingConstructorAccessorImpl.newInstance(DelegatingConstructorAccessorImpl.java:45)
	at java.lang.reflect.Constructor.newInstance(Constructor.java:525)
	at com.mysql.jdbc.Util.handleNewInstance(Util.java:409)
	at com.mysql.jdbc.SQLError.createCommunicationsException(SQLError.java:1118)
	at com.mysql.jdbc.MysqlIO.<init>(MysqlIO.java:343)
	at com.mysql.jdbc.ConnectionImpl.connectOneTryOnly(ConnectionImpl.java:2308)
	at com.mysql.jdbc.ConnectionImpl.createNewIO(ConnectionImpl.java:2122)
	at com.mysql.jdbc.ConnectionImpl.<init>(ConnectionImpl.java:774)
	at com.mysql.jdbc.JDBC4Connection.<init>(JDBC4Connection.java:49)
	at sun.reflect.NativeConstructorAccessorImpl.newInstance0(Native Method)
	at sun.reflect.NativeConstructorAccessorImpl.newInstance(NativeConstructorAccessorImpl.java:57)
	at sun.reflect.DelegatingConstructorAccessorImpl.newInstance(DelegatingConstructorAccessorImpl.java:45)
	at java.lang.reflect.Constructor.newInstance(Constructor.java:525)
	at com.mysql.jdbc.Util.handleNewInstance(Util.java:409)
	at com.mysql.jdbc.ConnectionImpl.getInstance(ConnectionImpl.java:375)
	at com.mysql.jdbc.NonRegisteringDriver.connect(NonRegisteringDriver.java:289)
	at java.sql.DriverManager.getConnection(DriverManager.java:579)
	at java.sql.DriverManager.getConnection(DriverManager.java:190)
	at org.hibernate.connection.DriverManagerConnectionProvider.getConnection(DriverManagerConnectionProvider.java:133)
	at org.hibernate.cfg.SettingsFactory.buildSettings(SettingsFactory.java:111)
	at org.hibernate.cfg.Configuration.buildSettingsInternal(Configuration.java:2119)
	at org.hibernate.cfg.Configuration.buildSettings(Configuration.java:2115)
	at org.hibernate.cfg.Configuration.buildSessionFactory(Configuration.java:1339)
	at org.irdresearch.irzimbabwe.server.util.HibernateUtil.<init>(HibernateUtil.java:49)
	at org.irdresearch.irzimbabwe.server.util.HibernateUtil.<clinit>(HibernateUtil.java:37)
	at org.irdresearch.irzimbabwe.server.MainClass.main(MainClass.java:17)
Caused by: java.net.ConnectException: Connection refused: connect
	at java.net.DualStackPlainSocketImpl.connect0(Native Method)
	at java.net.DualStackPlainSocketImpl.socketConnect(DualStackPlainSocketImpl.java:69)
	at java.net.AbstractPlainSocketImpl.doConnect(AbstractPlainSocketImpl.java:339)
	at java.net.AbstractPlainSocketImpl.connectToAddress(AbstractPlainSocketImpl.java:200)
	at java.net.AbstractPlainSocketImpl.connect(AbstractPlainSocketImpl.java:182)
	at java.net.PlainSocketImpl.connect(PlainSocketImpl.java:157)
	at java.net.SocksSocketImpl.connect(SocksSocketImpl.java:391)
	at java.net.Socket.connect(Socket.java:579)
	at java.net.Socket.connect(Socket.java:528)
	at java.net.Socket.<init>(Socket.java:425)
	at java.net.Socket.<init>(Socket.java:241)
	at com.mysql.jdbc.StandardSocketFactory.connect(StandardSocketFactory.java:256)
	at com.mysql.jdbc.MysqlIO.<init>(MysqlIO.java:292)
	... 21 more
WARN main org.hibernate.impl.SessionFactoryObjectFactory - Could not bind factory to JNDI
 javax.naming.NoInitialContextException: Need to specify class name in environment or system property, or as an applet parameter, or in an application resource file:  java.naming.factory.initial
	at javax.naming.spi.NamingManager.getInitialContext(NamingManager.java:662)
	at javax.naming.InitialContext.getDefaultInitCtx(InitialContext.java:307)
	at javax.naming.InitialContext.getURLOrDefaultInitCtx(InitialContext.java:344)
	at javax.naming.InitialContext.getNameParser(InitialContext.java:499)
	at org.hibernate.util.NamingHelper.bind(NamingHelper.java:75)
	at org.hibernate.impl.SessionFactoryObjectFactory.addInstance(SessionFactoryObjectFactory.java:113)
	at org.hibernate.impl.SessionFactoryImpl.<init>(SessionFactoryImpl.java:348)
	at org.hibernate.cfg.Configuration.buildSessionFactory(Configuration.java:1341)
	at org.irdresearch.irzimbabwe.server.util.HibernateUtil.<init>(HibernateUtil.java:49)
	at org.irdresearch.irzimbabwe.server.util.HibernateUtil.<clinit>(HibernateUtil.java:37)
	at org.irdresearch.irzimbabwe.server.MainClass.main(MainClass.java:17)
ERROR main org.hibernate.tool.hbm2ddl.SchemaUpdate - could not get database metadata
 com.mysql.jdbc.exceptions.jdbc4.CommunicationsException: Communications link failure

The last packet sent successfully to the server was 0 milliseconds ago. The driver has not received any packets from the server.
	at sun.reflect.NativeConstructorAccessorImpl.newInstance0(Native Method)
	at sun.reflect.NativeConstructorAccessorImpl.newInstance(NativeConstructorAccessorImpl.java:57)
	at sun.reflect.DelegatingConstructorAccessorImpl.newInstance(DelegatingConstructorAccessorImpl.java:45)
	at java.lang.reflect.Constructor.newInstance(Constructor.java:525)
	at com.mysql.jdbc.Util.handleNewInstance(Util.java:409)
	at com.mysql.jdbc.SQLError.createCommunicationsException(SQLError.java:1118)
	at com.mysql.jdbc.MysqlIO.<init>(MysqlIO.java:343)
	at com.mysql.jdbc.ConnectionImpl.connectOneTryOnly(ConnectionImpl.java:2308)
	at com.mysql.jdbc.ConnectionImpl.createNewIO(ConnectionImpl.java:2122)
	at com.mysql.jdbc.ConnectionImpl.<init>(ConnectionImpl.java:774)
	at com.mysql.jdbc.JDBC4Connection.<init>(JDBC4Connection.java:49)
	at sun.reflect.NativeConstructorAccessorImpl.newInstance0(Native Method)
	at sun.reflect.NativeConstructorAccessorImpl.newInstance(NativeConstructorAccessorImpl.java:57)
	at sun.reflect.DelegatingConstructorAccessorImpl.newInstance(DelegatingConstructorAccessorImpl.java:45)
	at java.lang.reflect.Constructor.newInstance(Constructor.java:525)
	at com.mysql.jdbc.Util.handleNewInstance(Util.java:409)
	at com.mysql.jdbc.ConnectionImpl.getInstance(ConnectionImpl.java:375)
	at com.mysql.jdbc.NonRegisteringDriver.connect(NonRegisteringDriver.java:289)
	at java.sql.DriverManager.getConnection(DriverManager.java:579)
	at java.sql.DriverManager.getConnection(DriverManager.java:190)
	at org.hibernate.connection.DriverManagerConnectionProvider.getConnection(DriverManagerConnectionProvider.java:133)
	at org.hibernate.tool.hbm2ddl.SuppliedConnectionProviderConnectionHelper.prepare(SuppliedConnectionProviderConnectionHelper.java:51)
	at org.hibernate.tool.hbm2ddl.SchemaUpdate.execute(SchemaUpdate.java:168)
	at org.hibernate.impl.SessionFactoryImpl.<init>(SessionFactoryImpl.java:356)
	at org.hibernate.cfg.Configuration.buildSessionFactory(Configuration.java:1341)
	at org.irdresearch.irzimbabwe.server.util.HibernateUtil.<init>(HibernateUtil.java:49)
	at org.irdresearch.irzimbabwe.server.util.HibernateUtil.<clinit>(HibernateUtil.java:37)
	at org.irdresearch.irzimbabwe.server.MainClass.main(MainClass.java:17)
Caused by: java.net.ConnectException: Connection refused: connect
	at java.net.DualStackPlainSocketImpl.connect0(Native Method)
	at java.net.DualStackPlainSocketImpl.socketConnect(DualStackPlainSocketImpl.java:69)
	at java.net.AbstractPlainSocketImpl.doConnect(AbstractPlainSocketImpl.java:339)
	at java.net.AbstractPlainSocketImpl.connectToAddress(AbstractPlainSocketImpl.java:200)
	at java.net.AbstractPlainSocketImpl.connect(AbstractPlainSocketImpl.java:182)
	at java.net.PlainSocketImpl.connect(PlainSocketImpl.java:157)
	at java.net.SocksSocketImpl.connect(SocksSocketImpl.java:391)
	at java.net.Socket.connect(Socket.java:579)
	at java.net.Socket.connect(Socket.java:528)
	at java.net.Socket.<init>(Socket.java:425)
	at java.net.Socket.<init>(Socket.java:241)
	at com.mysql.jdbc.StandardSocketFactory.connect(StandardSocketFactory.java:256)
	at com.mysql.jdbc.MysqlIO.<init>(MysqlIO.java:292)
	... 21 more
ERROR main org.hibernate.tool.hbm2ddl.SchemaUpdate - could not complete schema update
 com.mysql.jdbc.exceptions.jdbc4.CommunicationsException: Communications link failure

The last packet sent successfully to the server was 0 milliseconds ago. The driver has not received any packets from the server.
	at sun.reflect.NativeConstructorAccessorImpl.newInstance0(Native Method)
	at sun.reflect.NativeConstructorAccessorImpl.newInstance(NativeConstructorAccessorImpl.java:57)
	at sun.reflect.DelegatingConstructorAccessorImpl.newInstance(DelegatingConstructorAccessorImpl.java:45)
	at java.lang.reflect.Constructor.newInstance(Constructor.java:525)
	at com.mysql.jdbc.Util.handleNewInstance(Util.java:409)
	at com.mysql.jdbc.SQLError.createCommunicationsException(SQLError.java:1118)
	at com.mysql.jdbc.MysqlIO.<init>(MysqlIO.java:343)
	at com.mysql.jdbc.ConnectionImpl.connectOneTryOnly(ConnectionImpl.java:2308)
	at com.mysql.jdbc.ConnectionImpl.createNewIO(ConnectionImpl.java:2122)
	at com.mysql.jdbc.ConnectionImpl.<init>(ConnectionImpl.java:774)
	at com.mysql.jdbc.JDBC4Connection.<init>(JDBC4Connection.java:49)
	at sun.reflect.NativeConstructorAccessorImpl.newInstance0(Native Method)
	at sun.reflect.NativeConstructorAccessorImpl.newInstance(NativeConstructorAccessorImpl.java:57)
	at sun.reflect.DelegatingConstructorAccessorImpl.newInstance(DelegatingConstructorAccessorImpl.java:45)
	at java.lang.reflect.Constructor.newInstance(Constructor.java:525)
	at com.mysql.jdbc.Util.handleNewInstance(Util.java:409)
	at com.mysql.jdbc.ConnectionImpl.getInstance(ConnectionImpl.java:375)
	at com.mysql.jdbc.NonRegisteringDriver.connect(NonRegisteringDriver.java:289)
	at java.sql.DriverManager.getConnection(DriverManager.java:579)
	at java.sql.DriverManager.getConnection(DriverManager.java:190)
	at org.hibernate.connection.DriverManagerConnectionProvider.getConnection(DriverManagerConnectionProvider.java:133)
	at org.hibernate.tool.hbm2ddl.SuppliedConnectionProviderConnectionHelper.prepare(SuppliedConnectionProviderConnectionHelper.java:51)
	at org.hibernate.tool.hbm2ddl.SchemaUpdate.execute(SchemaUpdate.java:168)
	at org.hibernate.impl.SessionFactoryImpl.<init>(SessionFactoryImpl.java:356)
	at org.hibernate.cfg.Configuration.buildSessionFactory(Configuration.java:1341)
	at org.irdresearch.irzimbabwe.server.util.HibernateUtil.<init>(HibernateUtil.java:49)
	at org.irdresearch.irzimbabwe.server.util.HibernateUtil.<clinit>(HibernateUtil.java:37)
	at org.irdresearch.irzimbabwe.server.MainClass.main(MainClass.java:17)
Caused by: java.net.ConnectException: Connection refused: connect
	at java.net.DualStackPlainSocketImpl.connect0(Native Method)
	at java.net.DualStackPlainSocketImpl.socketConnect(DualStackPlainSocketImpl.java:69)
	at java.net.AbstractPlainSocketImpl.doConnect(AbstractPlainSocketImpl.java:339)
	at java.net.AbstractPlainSocketImpl.connectToAddress(AbstractPlainSocketImpl.java:200)
	at java.net.AbstractPlainSocketImpl.connect(AbstractPlainSocketImpl.java:182)
	at java.net.PlainSocketImpl.connect(PlainSocketImpl.java:157)
	at java.net.SocksSocketImpl.connect(SocksSocketImpl.java:391)
	at java.net.Socket.connect(Socket.java:579)
	at java.net.Socket.connect(Socket.java:528)
	at java.net.Socket.<init>(Socket.java:425)
	at java.net.Socket.<init>(Socket.java:241)
	at com.mysql.jdbc.StandardSocketFactory.connect(StandardSocketFactory.java:256)
	at com.mysql.jdbc.MysqlIO.<init>(MysqlIO.java:292)
	... 21 more
WARN main org.hibernate.util.JDBCExceptionReporter - SQL Error: 0, SQLState: 08S01
 ERROR main org.hibernate.util.JDBCExceptionReporter - Communications link failure

The last packet sent successfully to the server was 0 milliseconds ago. The driver has not received any packets from the server.
 WARN main org.hibernate.cfg.SettingsFactory - Could not obtain connection to query metadata
 com.mysql.jdbc.exceptions.jdbc4.CommunicationsException: Communications link failure

The last packet sent successfully to the server was 0 milliseconds ago. The driver has not received any packets from the server.
	at sun.reflect.NativeConstructorAccessorImpl.newInstance0(Native Method)
	at sun.reflect.NativeConstructorAccessorImpl.newInstance(NativeConstructorAccessorImpl.java:57)
	at sun.reflect.DelegatingConstructorAccessorImpl.newInstance(DelegatingConstructorAccessorImpl.java:45)
	at java.lang.reflect.Constructor.newInstance(Constructor.java:525)
	at com.mysql.jdbc.Util.handleNewInstance(Util.java:409)
	at com.mysql.jdbc.SQLError.createCommunicationsException(SQLError.java:1118)
	at com.mysql.jdbc.MysqlIO.<init>(MysqlIO.java:343)
	at com.mysql.jdbc.ConnectionImpl.connectOneTryOnly(ConnectionImpl.java:2308)
	at com.mysql.jdbc.ConnectionImpl.createNewIO(ConnectionImpl.java:2122)
	at com.mysql.jdbc.ConnectionImpl.<init>(ConnectionImpl.java:774)
	at com.mysql.jdbc.JDBC4Connection.<init>(JDBC4Connection.java:49)
	at sun.reflect.NativeConstructorAccessorImpl.newInstance0(Native Method)
	at sun.reflect.NativeConstructorAccessorImpl.newInstance(NativeConstructorAccessorImpl.java:57)
	at sun.reflect.DelegatingConstructorAccessorImpl.newInstance(DelegatingConstructorAccessorImpl.java:45)
	at java.lang.reflect.Constructor.newInstance(Constructor.java:525)
	at com.mysql.jdbc.Util.handleNewInstance(Util.java:409)
	at com.mysql.jdbc.ConnectionImpl.getInstance(ConnectionImpl.java:375)
	at com.mysql.jdbc.NonRegisteringDriver.connect(NonRegisteringDriver.java:289)
	at java.sql.DriverManager.getConnection(DriverManager.java:579)
	at java.sql.DriverManager.getConnection(DriverManager.java:190)
	at org.hibernate.connection.DriverManagerConnectionProvider.getConnection(DriverManagerConnectionProvider.java:133)
	at org.hibernate.cfg.SettingsFactory.buildSettings(SettingsFactory.java:111)
	at org.hibernate.cfg.Configuration.buildSettingsInternal(Configuration.java:2119)
	at org.hibernate.cfg.Configuration.buildSettings(Configuration.java:2115)
	at org.hibernate.cfg.Configuration.buildSessionFactory(Configuration.java:1339)
	at org.irdresearch.irzimbabwe.server.util.HibernateUtil.<init>(HibernateUtil.java:49)
	at org.irdresearch.irzimbabwe.server.util.HibernateUtil.<clinit>(HibernateUtil.java:37)
	at org.irdresearch.irzimbabwe.server.ServerServiceImpl.execute(ServerServiceImpl.java:478)
	at org.irdresearch.irzimbabwe.server.MainClass.main(MainClass.java:17)
Caused by: java.net.ConnectException: Connection refused: connect
	at java.net.DualStackPlainSocketImpl.connect0(Native Method)
	at java.net.DualStackPlainSocketImpl.socketConnect(DualStackPlainSocketImpl.java:69)
	at java.net.AbstractPlainSocketImpl.doConnect(AbstractPlainSocketImpl.java:339)
	at java.net.AbstractPlainSocketImpl.connectToAddress(AbstractPlainSocketImpl.java:200)
	at java.net.AbstractPlainSocketImpl.connect(AbstractPlainSocketImpl.java:182)
	at java.net.PlainSocketImpl.connect(PlainSocketImpl.java:157)
	at java.net.SocksSocketImpl.connect(SocksSocketImpl.java:391)
	at java.net.Socket.connect(Socket.java:579)
	at java.net.Socket.connect(Socket.java:528)
	at java.net.Socket.<init>(Socket.java:425)
	at java.net.Socket.<init>(Socket.java:241)
	at com.mysql.jdbc.StandardSocketFactory.connect(StandardSocketFactory.java:256)
	at com.mysql.jdbc.MysqlIO.<init>(MysqlIO.java:292)
	... 22 more
WARN main org.hibernate.impl.SessionFactoryObjectFactory - Could not bind factory to JNDI
 javax.naming.NoInitialContextException: Need to specify class name in environment or system property, or as an applet parameter, or in an application resource file:  java.naming.factory.initial
	at javax.naming.spi.NamingManager.getInitialContext(NamingManager.java:662)
	at javax.naming.InitialContext.getDefaultInitCtx(InitialContext.java:307)
	at javax.naming.InitialContext.getURLOrDefaultInitCtx(InitialContext.java:344)
	at javax.naming.InitialContext.getNameParser(InitialContext.java:499)
	at org.hibernate.util.NamingHelper.bind(NamingHelper.java:75)
	at org.hibernate.impl.SessionFactoryObjectFactory.addInstance(SessionFactoryObjectFactory.java:113)
	at org.hibernate.impl.SessionFactoryImpl.<init>(SessionFactoryImpl.java:348)
	at org.hibernate.cfg.Configuration.buildSessionFactory(Configuration.java:1341)
	at org.irdresearch.irzimbabwe.server.util.HibernateUtil.<init>(HibernateUtil.java:49)
	at org.irdresearch.irzimbabwe.server.util.HibernateUtil.<clinit>(HibernateUtil.java:37)
	at org.irdresearch.irzimbabwe.server.ServerServiceImpl.execute(ServerServiceImpl.java:478)
	at org.irdresearch.irzimbabwe.server.MainClass.main(MainClass.java:17)
ERROR main org.hibernate.tool.hbm2ddl.SchemaUpdate - could not get database metadata
 com.mysql.jdbc.exceptions.jdbc4.CommunicationsException: Communications link failure

The last packet sent successfully to the server was 0 milliseconds ago. The driver has not received any packets from the server.
	at sun.reflect.NativeConstructorAccessorImpl.newInstance0(Native Method)
	at sun.reflect.NativeConstructorAccessorImpl.newInstance(NativeConstructorAccessorImpl.java:57)
	at sun.reflect.DelegatingConstructorAccessorImpl.newInstance(DelegatingConstructorAccessorImpl.java:45)
	at java.lang.reflect.Constructor.newInstance(Constructor.java:525)
	at com.mysql.jdbc.Util.handleNewInstance(Util.java:409)
	at com.mysql.jdbc.SQLError.createCommunicationsException(SQLError.java:1118)
	at com.mysql.jdbc.MysqlIO.<init>(MysqlIO.java:343)
	at com.mysql.jdbc.ConnectionImpl.connectOneTryOnly(ConnectionImpl.java:2308)
	at com.mysql.jdbc.ConnectionImpl.createNewIO(ConnectionImpl.java:2122)
	at com.mysql.jdbc.ConnectionImpl.<init>(ConnectionImpl.java:774)
	at com.mysql.jdbc.JDBC4Connection.<init>(JDBC4Connection.java:49)
	at sun.reflect.NativeConstructorAccessorImpl.newInstance0(Native Method)
	at sun.reflect.NativeConstructorAccessorImpl.newInstance(NativeConstructorAccessorImpl.java:57)
	at sun.reflect.DelegatingConstructorAccessorImpl.newInstance(DelegatingConstructorAccessorImpl.java:45)
	at java.lang.reflect.Constructor.newInstance(Constructor.java:525)
	at com.mysql.jdbc.Util.handleNewInstance(Util.java:409)
	at com.mysql.jdbc.ConnectionImpl.getInstance(ConnectionImpl.java:375)
	at com.mysql.jdbc.NonRegisteringDriver.connect(NonRegisteringDriver.java:289)
	at java.sql.DriverManager.getConnection(DriverManager.java:579)
	at java.sql.DriverManager.getConnection(DriverManager.java:190)
	at org.hibernate.connection.DriverManagerConnectionProvider.getConnection(DriverManagerConnectionProvider.java:133)
	at org.hibernate.tool.hbm2ddl.SuppliedConnectionProviderConnectionHelper.prepare(SuppliedConnectionProviderConnectionHelper.java:51)
	at org.hibernate.tool.hbm2ddl.SchemaUpdate.execute(SchemaUpdate.java:168)
	at org.hibernate.impl.SessionFactoryImpl.<init>(SessionFactoryImpl.java:356)
	at org.hibernate.cfg.Configuration.buildSessionFactory(Configuration.java:1341)
	at org.irdresearch.irzimbabwe.server.util.HibernateUtil.<init>(HibernateUtil.java:49)
	at org.irdresearch.irzimbabwe.server.util.HibernateUtil.<clinit>(HibernateUtil.java:37)
	at org.irdresearch.irzimbabwe.server.ServerServiceImpl.execute(ServerServiceImpl.java:478)
	at org.irdresearch.irzimbabwe.server.MainClass.main(MainClass.java:17)
Caused by: java.net.ConnectException: Connection refused: connect
	at java.net.DualStackPlainSocketImpl.connect0(Native Method)
	at java.net.DualStackPlainSocketImpl.socketConnect(DualStackPlainSocketImpl.java:69)
	at java.net.AbstractPlainSocketImpl.doConnect(AbstractPlainSocketImpl.java:339)
	at java.net.AbstractPlainSocketImpl.connectToAddress(AbstractPlainSocketImpl.java:200)
	at java.net.AbstractPlainSocketImpl.connect(AbstractPlainSocketImpl.java:182)
	at java.net.PlainSocketImpl.connect(PlainSocketImpl.java:157)
	at java.net.SocksSocketImpl.connect(SocksSocketImpl.java:391)
	at java.net.Socket.connect(Socket.java:579)
	at java.net.Socket.connect(Socket.java:528)
	at java.net.Socket.<init>(Socket.java:425)
	at java.net.Socket.<init>(Socket.java:241)
	at com.mysql.jdbc.StandardSocketFactory.connect(StandardSocketFactory.java:256)
	at com.mysql.jdbc.MysqlIO.<init>(MysqlIO.java:292)
	... 22 more
ERROR main org.hibernate.tool.hbm2ddl.SchemaUpdate - could not complete schema update
 com.mysql.jdbc.exceptions.jdbc4.CommunicationsException: Communications link failure

The last packet sent successfully to the server was 0 milliseconds ago. The driver has not received any packets from the server.
	at sun.reflect.NativeConstructorAccessorImpl.newInstance0(Native Method)
	at sun.reflect.NativeConstructorAccessorImpl.newInstance(NativeConstructorAccessorImpl.java:57)
	at sun.reflect.DelegatingConstructorAccessorImpl.newInstance(DelegatingConstructorAccessorImpl.java:45)
	at java.lang.reflect.Constructor.newInstance(Constructor.java:525)
	at com.mysql.jdbc.Util.handleNewInstance(Util.java:409)
	at com.mysql.jdbc.SQLError.createCommunicationsException(SQLError.java:1118)
	at com.mysql.jdbc.MysqlIO.<init>(MysqlIO.java:343)
	at com.mysql.jdbc.ConnectionImpl.connectOneTryOnly(ConnectionImpl.java:2308)
	at com.mysql.jdbc.ConnectionImpl.createNewIO(ConnectionImpl.java:2122)
	at com.mysql.jdbc.ConnectionImpl.<init>(ConnectionImpl.java:774)
	at com.mysql.jdbc.JDBC4Connection.<init>(JDBC4Connection.java:49)
	at sun.reflect.NativeConstructorAccessorImpl.newInstance0(Native Method)
	at sun.reflect.NativeConstructorAccessorImpl.newInstance(NativeConstructorAccessorImpl.java:57)
	at sun.reflect.DelegatingConstructorAccessorImpl.newInstance(DelegatingConstructorAccessorImpl.java:45)
	at java.lang.reflect.Constructor.newInstance(Constructor.java:525)
	at com.mysql.jdbc.Util.handleNewInstance(Util.java:409)
	at com.mysql.jdbc.ConnectionImpl.getInstance(ConnectionImpl.java:375)
	at com.mysql.jdbc.NonRegisteringDriver.connect(NonRegisteringDriver.java:289)
	at java.sql.DriverManager.getConnection(DriverManager.java:579)
	at java.sql.DriverManager.getConnection(DriverManager.java:190)
	at org.hibernate.connection.DriverManagerConnectionProvider.getConnection(DriverManagerConnectionProvider.java:133)
	at org.hibernate.tool.hbm2ddl.SuppliedConnectionProviderConnectionHelper.prepare(SuppliedConnectionProviderConnectionHelper.java:51)
	at org.hibernate.tool.hbm2ddl.SchemaUpdate.execute(SchemaUpdate.java:168)
	at org.hibernate.impl.SessionFactoryImpl.<init>(SessionFactoryImpl.java:356)
	at org.hibernate.cfg.Configuration.buildSessionFactory(Configuration.java:1341)
	at org.irdresearch.irzimbabwe.server.util.HibernateUtil.<init>(HibernateUtil.java:49)
	at org.irdresearch.irzimbabwe.server.util.HibernateUtil.<clinit>(HibernateUtil.java:37)
	at org.irdresearch.irzimbabwe.server.ServerServiceImpl.execute(ServerServiceImpl.java:478)
	at org.irdresearch.irzimbabwe.server.MainClass.main(MainClass.java:17)
Caused by: java.net.ConnectException: Connection refused: connect
	at java.net.DualStackPlainSocketImpl.connect0(Native Method)
	at java.net.DualStackPlainSocketImpl.socketConnect(DualStackPlainSocketImpl.java:69)
	at java.net.AbstractPlainSocketImpl.doConnect(AbstractPlainSocketImpl.java:339)
	at java.net.AbstractPlainSocketImpl.connectToAddress(AbstractPlainSocketImpl.java:200)
	at java.net.AbstractPlainSocketImpl.connect(AbstractPlainSocketImpl.java:182)
	at java.net.PlainSocketImpl.connect(PlainSocketImpl.java:157)
	at java.net.SocksSocketImpl.connect(SocksSocketImpl.java:391)
	at java.net.Socket.connect(Socket.java:579)
	at java.net.Socket.connect(Socket.java:528)
	at java.net.Socket.<init>(Socket.java:425)
	at java.net.Socket.<init>(Socket.java:241)
	at com.mysql.jdbc.StandardSocketFactory.connect(StandardSocketFactory.java:256)
	at com.mysql.jdbc.MysqlIO.<init>(MysqlIO.java:292)
	... 22 more
WARN main org.hibernate.util.JDBCExceptionReporter - SQL Error: 0, SQLState: 08S01
 ERROR main org.hibernate.util.JDBCExceptionReporter - Communications link failure

The last packet sent successfully to the server was 0 milliseconds ago. The driver has not received any packets from the server.
 WARN main org.hibernate.cfg.SettingsFactory - Could not obtain connection to query metadata
 com.mysql.jdbc.exceptions.jdbc4.CommunicationsException: Communications link failure

The last packet sent successfully to the server was 0 milliseconds ago. The driver has not received any packets from the server.
	at sun.reflect.NativeConstructorAccessorImpl.newInstance0(Native Method)
	at sun.reflect.NativeConstructorAccessorImpl.newInstance(NativeConstructorAccessorImpl.java:57)
	at sun.reflect.DelegatingConstructorAccessorImpl.newInstance(DelegatingConstructorAccessorImpl.java:45)
	at java.lang.reflect.Constructor.newInstance(Constructor.java:525)
	at com.mysql.jdbc.Util.handleNewInstance(Util.java:409)
	at com.mysql.jdbc.SQLError.createCommunicationsException(SQLError.java:1118)
	at com.mysql.jdbc.MysqlIO.<init>(MysqlIO.java:343)
	at com.mysql.jdbc.ConnectionImpl.connectOneTryOnly(ConnectionImpl.java:2308)
	at com.mysql.jdbc.ConnectionImpl.createNewIO(ConnectionImpl.java:2122)
	at com.mysql.jdbc.ConnectionImpl.<init>(ConnectionImpl.java:774)
	at com.mysql.jdbc.JDBC4Connection.<init>(JDBC4Connection.java:49)
	at sun.reflect.NativeConstructorAccessorImpl.newInstance0(Native Method)
	at sun.reflect.NativeConstructorAccessorImpl.newInstance(NativeConstructorAccessorImpl.java:57)
	at sun.reflect.DelegatingConstructorAccessorImpl.newInstance(DelegatingConstructorAccessorImpl.java:45)
	at java.lang.reflect.Constructor.newInstance(Constructor.java:525)
	at com.mysql.jdbc.Util.handleNewInstance(Util.java:409)
	at com.mysql.jdbc.ConnectionImpl.getInstance(ConnectionImpl.java:375)
	at com.mysql.jdbc.NonRegisteringDriver.connect(NonRegisteringDriver.java:289)
	at java.sql.DriverManager.getConnection(DriverManager.java:579)
	at java.sql.DriverManager.getConnection(DriverManager.java:190)
	at org.hibernate.connection.DriverManagerConnectionProvider.getConnection(DriverManagerConnectionProvider.java:133)
	at org.hibernate.cfg.SettingsFactory.buildSettings(SettingsFactory.java:111)
	at org.hibernate.cfg.Configuration.buildSettingsInternal(Configuration.java:2119)
	at org.hibernate.cfg.Configuration.buildSettings(Configuration.java:2115)
	at org.hibernate.cfg.Configuration.buildSessionFactory(Configuration.java:1339)
	at org.irdresearch.irzimbabwe.server.util.HibernateUtil.<init>(HibernateUtil.java:49)
	at org.irdresearch.irzimbabwe.server.util.HibernateUtil.<clinit>(HibernateUtil.java:37)
	at org.irdresearch.irzimbabwe.server.ServerServiceImpl.execute(ServerServiceImpl.java:478)
	at org.irdresearch.irzimbabwe.server.MainClass.main(MainClass.java:17)
Caused by: java.net.ConnectException: Connection refused: connect
	at java.net.DualStackPlainSocketImpl.connect0(Native Method)
	at java.net.DualStackPlainSocketImpl.socketConnect(DualStackPlainSocketImpl.java:69)
	at java.net.AbstractPlainSocketImpl.doConnect(AbstractPlainSocketImpl.java:339)
	at java.net.AbstractPlainSocketImpl.connectToAddress(AbstractPlainSocketImpl.java:200)
	at java.net.AbstractPlainSocketImpl.connect(AbstractPlainSocketImpl.java:182)
	at java.net.PlainSocketImpl.connect(PlainSocketImpl.java:157)
	at java.net.SocksSocketImpl.connect(SocksSocketImpl.java:391)
	at java.net.Socket.connect(Socket.java:579)
	at java.net.Socket.connect(Socket.java:528)
	at java.net.Socket.<init>(Socket.java:425)
	at java.net.Socket.<init>(Socket.java:241)
	at com.mysql.jdbc.StandardSocketFactory.connect(StandardSocketFactory.java:256)
	at com.mysql.jdbc.MysqlIO.<init>(MysqlIO.java:292)
	... 22 more
WARN main org.hibernate.impl.SessionFactoryObjectFactory - Could not bind factory to JNDI
 javax.naming.NoInitialContextException: Need to specify class name in environment or system property, or as an applet parameter, or in an application resource file:  java.naming.factory.initial
	at javax.naming.spi.NamingManager.getInitialContext(NamingManager.java:662)
	at javax.naming.InitialContext.getDefaultInitCtx(InitialContext.java:307)
	at javax.naming.InitialContext.getURLOrDefaultInitCtx(InitialContext.java:344)
	at javax.naming.InitialContext.getNameParser(InitialContext.java:499)
	at org.hibernate.util.NamingHelper.bind(NamingHelper.java:75)
	at org.hibernate.impl.SessionFactoryObjectFactory.addInstance(SessionFactoryObjectFactory.java:113)
	at org.hibernate.impl.SessionFactoryImpl.<init>(SessionFactoryImpl.java:348)
	at org.hibernate.cfg.Configuration.buildSessionFactory(Configuration.java:1341)
	at org.irdresearch.irzimbabwe.server.util.HibernateUtil.<init>(HibernateUtil.java:49)
	at org.irdresearch.irzimbabwe.server.util.HibernateUtil.<clinit>(HibernateUtil.java:37)
	at org.irdresearch.irzimbabwe.server.ServerServiceImpl.execute(ServerServiceImpl.java:478)
	at org.irdresearch.irzimbabwe.server.MainClass.main(MainClass.java:17)
ERROR main org.hibernate.tool.hbm2ddl.SchemaUpdate - could not get database metadata
 com.mysql.jdbc.exceptions.jdbc4.CommunicationsException: Communications link failure

The last packet sent successfully to the server was 0 milliseconds ago. The driver has not received any packets from the server.
	at sun.reflect.NativeConstructorAccessorImpl.newInstance0(Native Method)
	at sun.reflect.NativeConstructorAccessorImpl.newInstance(NativeConstructorAccessorImpl.java:57)
	at sun.reflect.DelegatingConstructorAccessorImpl.newInstance(DelegatingConstructorAccessorImpl.java:45)
	at java.lang.reflect.Constructor.newInstance(Constructor.java:525)
	at com.mysql.jdbc.Util.handleNewInstance(Util.java:409)
	at com.mysql.jdbc.SQLError.createCommunicationsException(SQLError.java:1118)
	at com.mysql.jdbc.MysqlIO.<init>(MysqlIO.java:343)
	at com.mysql.jdbc.ConnectionImpl.connectOneTryOnly(ConnectionImpl.java:2308)
	at com.mysql.jdbc.ConnectionImpl.createNewIO(ConnectionImpl.java:2122)
	at com.mysql.jdbc.ConnectionImpl.<init>(ConnectionImpl.java:774)
	at com.mysql.jdbc.JDBC4Connection.<init>(JDBC4Connection.java:49)
	at sun.reflect.NativeConstructorAccessorImpl.newInstance0(Native Method)
	at sun.reflect.NativeConstructorAccessorImpl.newInstance(NativeConstructorAccessorImpl.java:57)
	at sun.reflect.DelegatingConstructorAccessorImpl.newInstance(DelegatingConstructorAccessorImpl.java:45)
	at java.lang.reflect.Constructor.newInstance(Constructor.java:525)
	at com.mysql.jdbc.Util.handleNewInstance(Util.java:409)
	at com.mysql.jdbc.ConnectionImpl.getInstance(ConnectionImpl.java:375)
	at com.mysql.jdbc.NonRegisteringDriver.connect(NonRegisteringDriver.java:289)
	at java.sql.DriverManager.getConnection(DriverManager.java:579)
	at java.sql.DriverManager.getConnection(DriverManager.java:190)
	at org.hibernate.connection.DriverManagerConnectionProvider.getConnection(DriverManagerConnectionProvider.java:133)
	at org.hibernate.tool.hbm2ddl.SuppliedConnectionProviderConnectionHelper.prepare(SuppliedConnectionProviderConnectionHelper.java:51)
	at org.hibernate.tool.hbm2ddl.SchemaUpdate.execute(SchemaUpdate.java:168)
	at org.hibernate.impl.SessionFactoryImpl.<init>(SessionFactoryImpl.java:356)
	at org.hibernate.cfg.Configuration.buildSessionFactory(Configuration.java:1341)
	at org.irdresearch.irzimbabwe.server.util.HibernateUtil.<init>(HibernateUtil.java:49)
	at org.irdresearch.irzimbabwe.server.util.HibernateUtil.<clinit>(HibernateUtil.java:37)
	at org.irdresearch.irzimbabwe.server.ServerServiceImpl.execute(ServerServiceImpl.java:478)
	at org.irdresearch.irzimbabwe.server.MainClass.main(MainClass.java:17)
Caused by: java.net.ConnectException: Connection refused: connect
	at java.net.DualStackPlainSocketImpl.connect0(Native Method)
	at java.net.DualStackPlainSocketImpl.socketConnect(DualStackPlainSocketImpl.java:69)
	at java.net.AbstractPlainSocketImpl.doConnect(AbstractPlainSocketImpl.java:339)
	at java.net.AbstractPlainSocketImpl.connectToAddress(AbstractPlainSocketImpl.java:200)
	at java.net.AbstractPlainSocketImpl.connect(AbstractPlainSocketImpl.java:182)
	at java.net.PlainSocketImpl.connect(PlainSocketImpl.java:157)
	at java.net.SocksSocketImpl.connect(SocksSocketImpl.java:391)
	at java.net.Socket.connect(Socket.java:579)
	at java.net.Socket.connect(Socket.java:528)
	at java.net.Socket.<init>(Socket.java:425)
	at java.net.Socket.<init>(Socket.java:241)
	at com.mysql.jdbc.StandardSocketFactory.connect(StandardSocketFactory.java:256)
	at com.mysql.jdbc.MysqlIO.<init>(MysqlIO.java:292)
	... 22 more
ERROR main org.hibernate.tool.hbm2ddl.SchemaUpdate - could not complete schema update
 com.mysql.jdbc.exceptions.jdbc4.CommunicationsException: Communications link failure

The last packet sent successfully to the server was 0 milliseconds ago. The driver has not received any packets from the server.
	at sun.reflect.NativeConstructorAccessorImpl.newInstance0(Native Method)
	at sun.reflect.NativeConstructorAccessorImpl.newInstance(NativeConstructorAccessorImpl.java:57)
	at sun.reflect.DelegatingConstructorAccessorImpl.newInstance(DelegatingConstructorAccessorImpl.java:45)
	at java.lang.reflect.Constructor.newInstance(Constructor.java:525)
	at com.mysql.jdbc.Util.handleNewInstance(Util.java:409)
	at com.mysql.jdbc.SQLError.createCommunicationsException(SQLError.java:1118)
	at com.mysql.jdbc.MysqlIO.<init>(MysqlIO.java:343)
	at com.mysql.jdbc.ConnectionImpl.connectOneTryOnly(ConnectionImpl.java:2308)
	at com.mysql.jdbc.ConnectionImpl.createNewIO(ConnectionImpl.java:2122)
	at com.mysql.jdbc.ConnectionImpl.<init>(ConnectionImpl.java:774)
	at com.mysql.jdbc.JDBC4Connection.<init>(JDBC4Connection.java:49)
	at sun.reflect.NativeConstructorAccessorImpl.newInstance0(Native Method)
	at sun.reflect.NativeConstructorAccessorImpl.newInstance(NativeConstructorAccessorImpl.java:57)
	at sun.reflect.DelegatingConstructorAccessorImpl.newInstance(DelegatingConstructorAccessorImpl.java:45)
	at java.lang.reflect.Constructor.newInstance(Constructor.java:525)
	at com.mysql.jdbc.Util.handleNewInstance(Util.java:409)
	at com.mysql.jdbc.ConnectionImpl.getInstance(ConnectionImpl.java:375)
	at com.mysql.jdbc.NonRegisteringDriver.connect(NonRegisteringDriver.java:289)
	at java.sql.DriverManager.getConnection(DriverManager.java:579)
	at java.sql.DriverManager.getConnection(DriverManager.java:190)
	at org.hibernate.connection.DriverManagerConnectionProvider.getConnection(DriverManagerConnectionProvider.java:133)
	at org.hibernate.tool.hbm2ddl.SuppliedConnectionProviderConnectionHelper.prepare(SuppliedConnectionProviderConnectionHelper.java:51)
	at org.hibernate.tool.hbm2ddl.SchemaUpdate.execute(SchemaUpdate.java:168)
	at org.hibernate.impl.SessionFactoryImpl.<init>(SessionFactoryImpl.java:356)
	at org.hibernate.cfg.Configuration.buildSessionFactory(Configuration.java:1341)
	at org.irdresearch.irzimbabwe.server.util.HibernateUtil.<init>(HibernateUtil.java:49)
	at org.irdresearch.irzimbabwe.server.util.HibernateUtil.<clinit>(HibernateUtil.java:37)
	at org.irdresearch.irzimbabwe.server.ServerServiceImpl.execute(ServerServiceImpl.java:478)
	at org.irdresearch.irzimbabwe.server.MainClass.main(MainClass.java:17)
Caused by: java.net.ConnectException: Connection refused: connect
	at java.net.DualStackPlainSocketImpl.connect0(Native Method)
	at java.net.DualStackPlainSocketImpl.socketConnect(DualStackPlainSocketImpl.java:69)
	at java.net.AbstractPlainSocketImpl.doConnect(AbstractPlainSocketImpl.java:339)
	at java.net.AbstractPlainSocketImpl.connectToAddress(AbstractPlainSocketImpl.java:200)
	at java.net.AbstractPlainSocketImpl.connect(AbstractPlainSocketImpl.java:182)
	at java.net.PlainSocketImpl.connect(PlainSocketImpl.java:157)
	at java.net.SocksSocketImpl.connect(SocksSocketImpl.java:391)
	at java.net.Socket.connect(Socket.java:579)
	at java.net.Socket.connect(Socket.java:528)
	at java.net.Socket.<init>(Socket.java:425)
	at java.net.Socket.<init>(Socket.java:241)
	at com.mysql.jdbc.StandardSocketFactory.connect(StandardSocketFactory.java:256)
	at com.mysql.jdbc.MysqlIO.<init>(MysqlIO.java:292)
	... 22 more
WARN main org.hibernate.util.JDBCExceptionReporter - SQL Error: 0, SQLState: 08S01
 ERROR main org.hibernate.util.JDBCExceptionReporter - Communications link failure

The last packet sent successfully to the server was 0 milliseconds ago. The driver has not received any packets from the server.
 ERROR Response Reader Job rollingFile - 
Tue Dec 18 17:35:27 PKT 2012:
Loading Settings....
 ERROR Response Reader Job rollingFile - 
Tue Dec 18 17:35:27 PKT 2012:
Settings loaded successfully....
 WARN Sms Pusher Job org.hibernate.util.JDBCExceptionReporter - SQL Error: 0, SQLState: 08S01
 WARN Sms Updater Job org.hibernate.util.JDBCExceptionReporter - SQL Error: 0, SQLState: 08S01
 ERROR Sms Updater Job org.hibernate.util.JDBCExceptionReporter - Communications link failure

The last packet sent successfully to the server was 0 milliseconds ago. The driver has not received any packets from the server.
 ERROR Sms Pusher Job org.hibernate.util.JDBCExceptionReporter - Communications link failure

The last packet sent successfully to the server was 0 milliseconds ago. The driver has not received any packets from the server.
 WARN Sms Updater Job org.hibernate.util.JDBCExceptionReporter - SQL Error: 0, SQLState: 08S01
 ERROR Sms Updater Job org.hibernate.util.JDBCExceptionReporter - Communications link failure

The last packet sent successfully to the server was 0 milliseconds ago. The driver has not received any packets from the server.
 WARN Sms Updater Job org.hibernate.util.JDBCExceptionReporter - SQL Error: 0, SQLState: 08S01
 ERROR Sms Updater Job org.hibernate.util.JDBCExceptionReporter - Communications link failure

The last packet sent successfully to the server was 0 milliseconds ago. The driver has not received any packets from the server.
 WARN Sms Updater Job org.hibernate.util.JDBCExceptionReporter - SQL Error: 0, SQLState: 08S01
 ERROR Sms Updater Job org.hibernate.util.JDBCExceptionReporter - Communications link failure

The last packet sent successfully to the server was 0 milliseconds ago. The driver has not received any packets from the server.
 WARN main org.hibernate.cfg.SettingsFactory - Could not obtain connection to query metadata
 com.mysql.jdbc.exceptions.jdbc4.CommunicationsException: Communications link failure

The last packet sent successfully to the server was 0 milliseconds ago. The driver has not received any packets from the server.
	at sun.reflect.NativeConstructorAccessorImpl.newInstance0(Native Method)
	at sun.reflect.NativeConstructorAccessorImpl.newInstance(NativeConstructorAccessorImpl.java:57)
	at sun.reflect.DelegatingConstructorAccessorImpl.newInstance(DelegatingConstructorAccessorImpl.java:45)
	at java.lang.reflect.Constructor.newInstance(Constructor.java:525)
	at com.mysql.jdbc.Util.handleNewInstance(Util.java:409)
	at com.mysql.jdbc.SQLError.createCommunicationsException(SQLError.java:1118)
	at com.mysql.jdbc.MysqlIO.<init>(MysqlIO.java:343)
	at com.mysql.jdbc.ConnectionImpl.connectOneTryOnly(ConnectionImpl.java:2308)
	at com.mysql.jdbc.ConnectionImpl.createNewIO(ConnectionImpl.java:2122)
	at com.mysql.jdbc.ConnectionImpl.<init>(ConnectionImpl.java:774)
	at com.mysql.jdbc.JDBC4Connection.<init>(JDBC4Connection.java:49)
	at sun.reflect.NativeConstructorAccessorImpl.newInstance0(Native Method)
	at sun.reflect.NativeConstructorAccessorImpl.newInstance(NativeConstructorAccessorImpl.java:57)
	at sun.reflect.DelegatingConstructorAccessorImpl.newInstance(DelegatingConstructorAccessorImpl.java:45)
	at java.lang.reflect.Constructor.newInstance(Constructor.java:525)
	at com.mysql.jdbc.Util.handleNewInstance(Util.java:409)
	at com.mysql.jdbc.ConnectionImpl.getInstance(ConnectionImpl.java:375)
	at com.mysql.jdbc.NonRegisteringDriver.connect(NonRegisteringDriver.java:289)
	at java.sql.DriverManager.getConnection(DriverManager.java:579)
	at java.sql.DriverManager.getConnection(DriverManager.java:190)
	at org.hibernate.connection.DriverManagerConnectionProvider.getConnection(DriverManagerConnectionProvider.java:133)
	at org.hibernate.cfg.SettingsFactory.buildSettings(SettingsFactory.java:111)
	at org.hibernate.cfg.Configuration.buildSettingsInternal(Configuration.java:2119)
	at org.hibernate.cfg.Configuration.buildSettings(Configuration.java:2115)
	at org.hibernate.cfg.Configuration.buildSessionFactory(Configuration.java:1339)
	at org.irdresearch.irzimbabwe.server.util.HibernateUtil.<init>(HibernateUtil.java:49)
	at org.irdresearch.irzimbabwe.server.util.HibernateUtil.<clinit>(HibernateUtil.java:37)
	at org.irdresearch.irzimbabwe.server.ServerServiceImpl.execute(ServerServiceImpl.java:478)
	at org.irdresearch.irzimbabwe.server.MainClass.main(MainClass.java:17)
Caused by: java.net.ConnectException: Connection refused: connect
	at java.net.DualStackPlainSocketImpl.connect0(Native Method)
	at java.net.DualStackPlainSocketImpl.socketConnect(DualStackPlainSocketImpl.java:69)
	at java.net.AbstractPlainSocketImpl.doConnect(AbstractPlainSocketImpl.java:339)
	at java.net.AbstractPlainSocketImpl.connectToAddress(AbstractPlainSocketImpl.java:200)
	at java.net.AbstractPlainSocketImpl.connect(AbstractPlainSocketImpl.java:182)
	at java.net.PlainSocketImpl.connect(PlainSocketImpl.java:157)
	at java.net.SocksSocketImpl.connect(SocksSocketImpl.java:391)
	at java.net.Socket.connect(Socket.java:579)
	at java.net.Socket.connect(Socket.java:528)
	at java.net.Socket.<init>(Socket.java:425)
	at java.net.Socket.<init>(Socket.java:241)
	at com.mysql.jdbc.StandardSocketFactory.connect(StandardSocketFactory.java:256)
	at com.mysql.jdbc.MysqlIO.<init>(MysqlIO.java:292)
	... 22 more
WARN main org.hibernate.impl.SessionFactoryObjectFactory - Could not bind factory to JNDI
 javax.naming.NoInitialContextException: Need to specify class name in environment or system property, or as an applet parameter, or in an application resource file:  java.naming.factory.initial
	at javax.naming.spi.NamingManager.getInitialContext(NamingManager.java:662)
	at javax.naming.InitialContext.getDefaultInitCtx(InitialContext.java:307)
	at javax.naming.InitialContext.getURLOrDefaultInitCtx(InitialContext.java:344)
	at javax.naming.InitialContext.getNameParser(InitialContext.java:499)
	at org.hibernate.util.NamingHelper.bind(NamingHelper.java:75)
	at org.hibernate.impl.SessionFactoryObjectFactory.addInstance(SessionFactoryObjectFactory.java:113)
	at org.hibernate.impl.SessionFactoryImpl.<init>(SessionFactoryImpl.java:348)
	at org.hibernate.cfg.Configuration.buildSessionFactory(Configuration.java:1341)
	at org.irdresearch.irzimbabwe.server.util.HibernateUtil.<init>(HibernateUtil.java:49)
	at org.irdresearch.irzimbabwe.server.util.HibernateUtil.<clinit>(HibernateUtil.java:37)
	at org.irdresearch.irzimbabwe.server.ServerServiceImpl.execute(ServerServiceImpl.java:478)
	at org.irdresearch.irzimbabwe.server.MainClass.main(MainClass.java:17)
ERROR main org.hibernate.tool.hbm2ddl.SchemaUpdate - could not get database metadata
 com.mysql.jdbc.exceptions.jdbc4.CommunicationsException: Communications link failure

The last packet sent successfully to the server was 0 milliseconds ago. The driver has not received any packets from the server.
	at sun.reflect.NativeConstructorAccessorImpl.newInstance0(Native Method)
	at sun.reflect.NativeConstructorAccessorImpl.newInstance(NativeConstructorAccessorImpl.java:57)
	at sun.reflect.DelegatingConstructorAccessorImpl.newInstance(DelegatingConstructorAccessorImpl.java:45)
	at java.lang.reflect.Constructor.newInstance(Constructor.java:525)
	at com.mysql.jdbc.Util.handleNewInstance(Util.java:409)
	at com.mysql.jdbc.SQLError.createCommunicationsException(SQLError.java:1118)
	at com.mysql.jdbc.MysqlIO.<init>(MysqlIO.java:343)
	at com.mysql.jdbc.ConnectionImpl.connectOneTryOnly(ConnectionImpl.java:2308)
	at com.mysql.jdbc.ConnectionImpl.createNewIO(ConnectionImpl.java:2122)
	at com.mysql.jdbc.ConnectionImpl.<init>(ConnectionImpl.java:774)
	at com.mysql.jdbc.JDBC4Connection.<init>(JDBC4Connection.java:49)
	at sun.reflect.NativeConstructorAccessorImpl.newInstance0(Native Method)
	at sun.reflect.NativeConstructorAccessorImpl.newInstance(NativeConstructorAccessorImpl.java:57)
	at sun.reflect.DelegatingConstructorAccessorImpl.newInstance(DelegatingConstructorAccessorImpl.java:45)
	at java.lang.reflect.Constructor.newInstance(Constructor.java:525)
	at com.mysql.jdbc.Util.handleNewInstance(Util.java:409)
	at com.mysql.jdbc.ConnectionImpl.getInstance(ConnectionImpl.java:375)
	at com.mysql.jdbc.NonRegisteringDriver.connect(NonRegisteringDriver.java:289)
	at java.sql.DriverManager.getConnection(DriverManager.java:579)
	at java.sql.DriverManager.getConnection(DriverManager.java:190)
	at org.hibernate.connection.DriverManagerConnectionProvider.getConnection(DriverManagerConnectionProvider.java:133)
	at org.hibernate.tool.hbm2ddl.SuppliedConnectionProviderConnectionHelper.prepare(SuppliedConnectionProviderConnectionHelper.java:51)
	at org.hibernate.tool.hbm2ddl.SchemaUpdate.execute(SchemaUpdate.java:168)
	at org.hibernate.impl.SessionFactoryImpl.<init>(SessionFactoryImpl.java:356)
	at org.hibernate.cfg.Configuration.buildSessionFactory(Configuration.java:1341)
	at org.irdresearch.irzimbabwe.server.util.HibernateUtil.<init>(HibernateUtil.java:49)
	at org.irdresearch.irzimbabwe.server.util.HibernateUtil.<clinit>(HibernateUtil.java:37)
	at org.irdresearch.irzimbabwe.server.ServerServiceImpl.execute(ServerServiceImpl.java:478)
	at org.irdresearch.irzimbabwe.server.MainClass.main(MainClass.java:17)
Caused by: java.net.ConnectException: Connection refused: connect
	at java.net.DualStackPlainSocketImpl.connect0(Native Method)
	at java.net.DualStackPlainSocketImpl.socketConnect(DualStackPlainSocketImpl.java:69)
	at java.net.AbstractPlainSocketImpl.doConnect(AbstractPlainSocketImpl.java:339)
	at java.net.AbstractPlainSocketImpl.connectToAddress(AbstractPlainSocketImpl.java:200)
	at java.net.AbstractPlainSocketImpl.connect(AbstractPlainSocketImpl.java:182)
	at java.net.PlainSocketImpl.connect(PlainSocketImpl.java:157)
	at java.net.SocksSocketImpl.connect(SocksSocketImpl.java:391)
	at java.net.Socket.connect(Socket.java:579)
	at java.net.Socket.connect(Socket.java:528)
	at java.net.Socket.<init>(Socket.java:425)
	at java.net.Socket.<init>(Socket.java:241)
	at com.mysql.jdbc.StandardSocketFactory.connect(StandardSocketFactory.java:256)
	at com.mysql.jdbc.MysqlIO.<init>(MysqlIO.java:292)
	... 22 more
ERROR main org.hibernate.tool.hbm2ddl.SchemaUpdate - could not complete schema update
 com.mysql.jdbc.exceptions.jdbc4.CommunicationsException: Communications link failure

The last packet sent successfully to the server was 0 milliseconds ago. The driver has not received any packets from the server.
	at sun.reflect.NativeConstructorAccessorImpl.newInstance0(Native Method)
	at sun.reflect.NativeConstructorAccessorImpl.newInstance(NativeConstructorAccessorImpl.java:57)
	at sun.reflect.DelegatingConstructorAccessorImpl.newInstance(DelegatingConstructorAccessorImpl.java:45)
	at java.lang.reflect.Constructor.newInstance(Constructor.java:525)
	at com.mysql.jdbc.Util.handleNewInstance(Util.java:409)
	at com.mysql.jdbc.SQLError.createCommunicationsException(SQLError.java:1118)
	at com.mysql.jdbc.MysqlIO.<init>(MysqlIO.java:343)
	at com.mysql.jdbc.ConnectionImpl.connectOneTryOnly(ConnectionImpl.java:2308)
	at com.mysql.jdbc.ConnectionImpl.createNewIO(ConnectionImpl.java:2122)
	at com.mysql.jdbc.ConnectionImpl.<init>(ConnectionImpl.java:774)
	at com.mysql.jdbc.JDBC4Connection.<init>(JDBC4Connection.java:49)
	at sun.reflect.NativeConstructorAccessorImpl.newInstance0(Native Method)
	at sun.reflect.NativeConstructorAccessorImpl.newInstance(NativeConstructorAccessorImpl.java:57)
	at sun.reflect.DelegatingConstructorAccessorImpl.newInstance(DelegatingConstructorAccessorImpl.java:45)
	at java.lang.reflect.Constructor.newInstance(Constructor.java:525)
	at com.mysql.jdbc.Util.handleNewInstance(Util.java:409)
	at com.mysql.jdbc.ConnectionImpl.getInstance(ConnectionImpl.java:375)
	at com.mysql.jdbc.NonRegisteringDriver.connect(NonRegisteringDriver.java:289)
	at java.sql.DriverManager.getConnection(DriverManager.java:579)
	at java.sql.DriverManager.getConnection(DriverManager.java:190)
	at org.hibernate.connection.DriverManagerConnectionProvider.getConnection(DriverManagerConnectionProvider.java:133)
	at org.hibernate.tool.hbm2ddl.SuppliedConnectionProviderConnectionHelper.prepare(SuppliedConnectionProviderConnectionHelper.java:51)
	at org.hibernate.tool.hbm2ddl.SchemaUpdate.execute(SchemaUpdate.java:168)
	at org.hibernate.impl.SessionFactoryImpl.<init>(SessionFactoryImpl.java:356)
	at org.hibernate.cfg.Configuration.buildSessionFactory(Configuration.java:1341)
	at org.irdresearch.irzimbabwe.server.util.HibernateUtil.<init>(HibernateUtil.java:49)
	at org.irdresearch.irzimbabwe.server.util.HibernateUtil.<clinit>(HibernateUtil.java:37)
	at org.irdresearch.irzimbabwe.server.ServerServiceImpl.execute(ServerServiceImpl.java:478)
	at org.irdresearch.irzimbabwe.server.MainClass.main(MainClass.java:17)
Caused by: java.net.ConnectException: Connection refused: connect
	at java.net.DualStackPlainSocketImpl.connect0(Native Method)
	at java.net.DualStackPlainSocketImpl.socketConnect(DualStackPlainSocketImpl.java:69)
	at java.net.AbstractPlainSocketImpl.doConnect(AbstractPlainSocketImpl.java:339)
	at java.net.AbstractPlainSocketImpl.connectToAddress(AbstractPlainSocketImpl.java:200)
	at java.net.AbstractPlainSocketImpl.connect(AbstractPlainSocketImpl.java:182)
	at java.net.PlainSocketImpl.connect(PlainSocketImpl.java:157)
	at java.net.SocksSocketImpl.connect(SocksSocketImpl.java:391)
	at java.net.Socket.connect(Socket.java:579)
	at java.net.Socket.connect(Socket.java:528)
	at java.net.Socket.<init>(Socket.java:425)
	at java.net.Socket.<init>(Socket.java:241)
	at com.mysql.jdbc.StandardSocketFactory.connect(StandardSocketFactory.java:256)
	at com.mysql.jdbc.MysqlIO.<init>(MysqlIO.java:292)
	... 22 more
WARN main org.hibernate.util.JDBCExceptionReporter - SQL Error: 0, SQLState: 08S01
 ERROR main org.hibernate.util.JDBCExceptionReporter - Communications link failure

The last packet sent successfully to the server was 0 milliseconds ago. The driver has not received any packets from the server.
 WARN Sms Updater Job org.hibernate.util.JDBCExceptionReporter - SQL Error: 0, SQLState: 08S01
 ERROR Sms Updater Job org.hibernate.util.JDBCExceptionReporter - Communications link failure

The last packet sent successfully to the server was 0 milliseconds ago. The driver has not received any packets from the server.
 WARN Sms Updater Job org.hibernate.util.JDBCExceptionReporter - SQL Error: 0, SQLState: 08S01
 ERROR Sms Updater Job org.hibernate.util.JDBCExceptionReporter - Communications link failure

The last packet sent successfully to the server was 0 milliseconds ago. The driver has not received any packets from the server.
 ERROR Response Reader Job rollingFile - 
Tue Dec 18 17:41:16 PKT 2012:
Loading Settings....
 ERROR Response Reader Job rollingFile - 
Tue Dec 18 17:41:16 PKT 2012:
Settings loaded successfully....
 WARN Sms Updater Job org.hibernate.util.JDBCExceptionReporter - SQL Error: 0, SQLState: 08S01
 ERROR Sms Updater Job org.hibernate.util.JDBCExceptionReporter - Communications link failure

The last packet sent successfully to the server was 0 milliseconds ago. The driver has not received any packets from the server.
 WARN Sms Pusher Job org.hibernate.util.JDBCExceptionReporter - SQL Error: 0, SQLState: 08S01
 ERROR Sms Pusher Job org.hibernate.util.JDBCExceptionReporter - Communications link failure

The last packet sent successfully to the server was 0 milliseconds ago. The driver has not received any packets from the server.
 WARN Sms Updater Job org.hibernate.util.JDBCExceptionReporter - SQL Error: 0, SQLState: 08S01
 ERROR Sms Updater Job org.hibernate.util.JDBCExceptionReporter - Communications link failure

The last packet sent successfully to the server was 0 milliseconds ago. The driver has not received any packets from the server.
 WARN Sms Updater Job org.hibernate.util.JDBCExceptionReporter - SQL Error: 0, SQLState: 08S01
 ERROR Sms Updater Job org.hibernate.util.JDBCExceptionReporter - Communications link failure

The last packet sent successfully to the server was 0 milliseconds ago. The driver has not received any packets from the server.
 WARN Sms Updater Job org.hibernate.util.JDBCExceptionReporter - SQL Error: 0, SQLState: 08S01
 ERROR Sms Updater Job org.hibernate.util.JDBCExceptionReporter - Communications link failure

The last packet sent successfully to the server was 0 milliseconds ago. The driver has not received any packets from the server.
 WARN Sms Updater Job org.hibernate.util.JDBCExceptionReporter - SQL Error: 0, SQLState: 08S01
 ERROR Sms Updater Job org.hibernate.util.JDBCExceptionReporter - Communications link failure

The last packet sent successfully to the server was 0 milliseconds ago. The driver has not received any packets from the server.
 WARN Sms Updater Job org.hibernate.util.JDBCExceptionReporter - SQL Error: 0, SQLState: 08S01
 ERROR Sms Updater Job org.hibernate.util.JDBCExceptionReporter - Communications link failure

The last packet sent successfully to the server was 0 milliseconds ago. The driver has not received any packets from the server.
 WARN Sms Updater Job org.hibernate.util.JDBCExceptionReporter - SQL Error: 0, SQLState: 08S01
 ERROR Sms Updater Job org.hibernate.util.JDBCExceptionReporter - Communications link failure

The last packet sent successfully to the server was 0 milliseconds ago. The driver has not received any packets from the server.
 WARN Sms Updater Job org.hibernate.util.JDBCExceptionReporter - SQL Error: 0, SQLState: 08S01
 ERROR Sms Updater Job org.hibernate.util.JDBCExceptionReporter - Communications link failure

The last packet sent successfully to the server was 0 milliseconds ago. The driver has not received any packets from the server.
 WARN Sms Updater Job org.hibernate.util.JDBCExceptionReporter - SQL Error: 0, SQLState: 08S01
 ERROR Sms Updater Job org.hibernate.util.JDBCExceptionReporter - Communications link failure

The last packet sent successfully to the server was 0 milliseconds ago. The driver has not received any packets from the server.
 WARN Sms Updater Job org.hibernate.util.JDBCExceptionReporter - SQL Error: 0, SQLState: 08S01
 ERROR Sms Updater Job org.hibernate.util.JDBCExceptionReporter - Communications link failure

The last packet sent successfully to the server was 0 milliseconds ago. The driver has not received any packets from the server.
 WARN Sms Updater Job org.hibernate.util.JDBCExceptionReporter - SQL Error: 0, SQLState: 08S01
 ERROR Sms Updater Job org.hibernate.util.JDBCExceptionReporter - Communications link failure

The last packet sent successfully to the server was 0 milliseconds ago. The driver has not received any packets from the server.
 WARN Sms Updater Job org.hibernate.util.JDBCExceptionReporter - SQL Error: 0, SQLState: 08S01
 ERROR Sms Updater Job org.hibernate.util.JDBCExceptionReporter - Communications link failure

The last packet sent successfully to the server was 0 milliseconds ago. The driver has not received any packets from the server.
 WARN Sms Updater Job org.hibernate.util.JDBCExceptionReporter - SQL Error: 0, SQLState: 08S01
 ERROR Sms Updater Job org.hibernate.util.JDBCExceptionReporter - Communications link failure

The last packet sent successfully to the server was 0 milliseconds ago. The driver has not received any packets from the server.
 WARN Sms Updater Job org.hibernate.util.JDBCExceptionReporter - SQL Error: 0, SQLState: 08S01
 ERROR Sms Updater Job org.hibernate.util.JDBCExceptionReporter - Communications link failure

The last packet sent successfully to the server was 0 milliseconds ago. The driver has not received any packets from the server.
 WARN Sms Updater Job org.hibernate.util.JDBCExceptionReporter - SQL Error: 0, SQLState: 08S01
 ERROR Sms Updater Job org.hibernate.util.JDBCExceptionReporter - Communications link failure

The last packet sent successfully to the server was 0 milliseconds ago. The driver has not received any packets from the server.
 WARN Sms Updater Job org.hibernate.util.JDBCExceptionReporter - SQL Error: 0, SQLState: 08S01
 ERROR Sms Updater Job org.hibernate.util.JDBCExceptionReporter - Communications link failure

The last packet sent successfully to the server was 0 milliseconds ago. The driver has not received any packets from the server.
 WARN Sms Updater Job org.hibernate.util.JDBCExceptionReporter - SQL Error: 0, SQLState: 08S01
 ERROR Sms Updater Job org.hibernate.util.JDBCExceptionReporter - Communications link failure

The last packet sent successfully to the server was 0 milliseconds ago. The driver has not received any packets from the server.
 WARN Sms Updater Job org.hibernate.util.JDBCExceptionReporter - SQL Error: 0, SQLState: 08S01
 ERROR Sms Updater Job org.hibernate.util.JDBCExceptionReporter - Communications link failure

The last packet sent successfully to the server was 0 milliseconds ago. The driver has not received any packets from the server.
 WARN Sms Updater Job org.hibernate.util.JDBCExceptionReporter - SQL Error: 0, SQLState: 08S01
 ERROR Sms Updater Job org.hibernate.util.JDBCExceptionReporter - Communications link failure

The last packet sent successfully to the server was 0 milliseconds ago. The driver has not received any packets from the server.
 WARN Sms Updater Job org.hibernate.util.JDBCExceptionReporter - SQL Error: 0, SQLState: 08S01
 ERROR Sms Updater Job org.hibernate.util.JDBCExceptionReporter - Communications link failure

The last packet sent successfully to the server was 0 milliseconds ago. The driver has not received any packets from the server.
 WARN Sms Updater Job org.hibernate.util.JDBCExceptionReporter - SQL Error: 0, SQLState: 08S01
 ERROR Sms Updater Job org.hibernate.util.JDBCExceptionReporter - Communications link failure

The last packet sent successfully to the server was 0 milliseconds ago. The driver has not received any packets from the server.
 WARN Sms Updater Job org.hibernate.util.JDBCExceptionReporter - SQL Error: 0, SQLState: 08S01
 ERROR Sms Updater Job org.hibernate.util.JDBCExceptionReporter - Communications link failure

The last packet sent successfully to the server was 0 milliseconds ago. The driver has not received any packets from the server.
 WARN Sms Updater Job org.hibernate.util.JDBCExceptionReporter - SQL Error: 0, SQLState: 08S01
 ERROR Sms Updater Job org.hibernate.util.JDBCExceptionReporter - Communications link failure

The last packet sent successfully to the server was 0 milliseconds ago. The driver has not received any packets from the server.
 WARN Sms Updater Job org.hibernate.util.JDBCExceptionReporter - SQL Error: 0, SQLState: 08S01
 ERROR Sms Updater Job org.hibernate.util.JDBCExceptionReporter - Communications link failure

The last packet sent successfully to the server was 0 milliseconds ago. The driver has not received any packets from the server.
 WARN Sms Updater Job org.hibernate.util.JDBCExceptionReporter - SQL Error: 0, SQLState: 08S01
 ERROR Sms Updater Job org.hibernate.util.JDBCExceptionReporter - Communications link failure

The last packet sent successfully to the server was 0 milliseconds ago. The driver has not received any packets from the server.
 WARN Sms Updater Job org.hibernate.util.JDBCExceptionReporter - SQL Error: 0, SQLState: 08S01
 ERROR Sms Updater Job org.hibernate.util.JDBCExceptionReporter - Communications link failure

The last packet sent successfully to the server was 0 milliseconds ago. The driver has not received any packets from the server.
 WARN Sms Updater Job org.hibernate.util.JDBCExceptionReporter - SQL Error: 0, SQLState: 08S01
 ERROR Sms Updater Job org.hibernate.util.JDBCExceptionReporter - Communications link failure

The last packet sent successfully to the server was 0 milliseconds ago. The driver has not received any packets from the server.
 WARN Sms Updater Job org.hibernate.util.JDBCExceptionReporter - SQL Error: 0, SQLState: 08S01
 ERROR Sms Updater Job org.hibernate.util.JDBCExceptionReporter - Communications link failure

The last packet sent successfully to the server was 0 milliseconds ago. The driver has not received any packets from the server.
 WARN Sms Updater Job org.hibernate.util.JDBCExceptionReporter - SQL Error: 0, SQLState: 08S01
 ERROR Sms Updater Job org.hibernate.util.JDBCExceptionReporter - Communications link failure

The last packet sent successfully to the server was 0 milliseconds ago. The driver has not received any packets from the server.
 WARN Sms Updater Job org.hibernate.util.JDBCExceptionReporter - SQL Error: 0, SQLState: 08S01
 ERROR Sms Updater Job org.hibernate.util.JDBCExceptionReporter - Communications link failure

The last packet sent successfully to the server was 0 milliseconds ago. The driver has not received any packets from the server.
 WARN Sms Updater Job org.hibernate.util.JDBCExceptionReporter - SQL Error: 0, SQLState: 08S01
 ERROR Sms Updater Job org.hibernate.util.JDBCExceptionReporter - Communications link failure

The last packet sent successfully to the server was 0 milliseconds ago. The driver has not received any packets from the server.
 WARN Sms Updater Job org.hibernate.util.JDBCExceptionReporter - SQL Error: 0, SQLState: 08S01
 ERROR Sms Updater Job org.hibernate.util.JDBCExceptionReporter - Communications link failure

The last packet sent successfully to the server was 0 milliseconds ago. The driver has not received any packets from the server.
 WARN Sms Updater Job org.hibernate.util.JDBCExceptionReporter - SQL Error: 0, SQLState: 08S01
 ERROR Sms Updater Job org.hibernate.util.JDBCExceptionReporter - Communications link failure

The last packet sent successfully to the server was 0 milliseconds ago. The driver has not received any packets from the server.
 WARN Sms Updater Job org.hibernate.util.JDBCExceptionReporter - SQL Error: 0, SQLState: 08S01
 ERROR Sms Updater Job org.hibernate.util.JDBCExceptionReporter - Communications link failure

The last packet sent successfully to the server was 0 milliseconds ago. The driver has not received any packets from the server.
 WARN Sms Updater Job org.hibernate.util.JDBCExceptionReporter - SQL Error: 0, SQLState: 08S01
 ERROR Sms Updater Job org.hibernate.util.JDBCExceptionReporter - Communications link failure

The last packet sent successfully to the server was 0 milliseconds ago. The driver has not received any packets from the server.
 WARN Sms Updater Job org.hibernate.util.JDBCExceptionReporter - SQL Error: 0, SQLState: 08S01
 ERROR Sms Updater Job org.hibernate.util.JDBCExceptionReporter - Communications link failure

The last packet sent successfully to the server was 0 milliseconds ago. The driver has not received any packets from the server.
 WARN Sms Updater Job org.hibernate.util.JDBCExceptionReporter - SQL Error: 0, SQLState: 08S01
 ERROR Sms Updater Job org.hibernate.util.JDBCExceptionReporter - Communications link failure

The last packet sent successfully to the server was 0 milliseconds ago. The driver has not received any packets from the server.
 WARN Sms Updater Job org.hibernate.util.JDBCExceptionReporter - SQL Error: 0, SQLState: 08S01
 ERROR Sms Updater Job org.hibernate.util.JDBCExceptionReporter - Communications link failure

The last packet sent successfully to the server was 0 milliseconds ago. The driver has not received any packets from the server.
 WARN Sms Updater Job org.hibernate.util.JDBCExceptionReporter - SQL Error: 0, SQLState: 08S01
 ERROR Sms Updater Job org.hibernate.util.JDBCExceptionReporter - Communications link failure

The last packet sent successfully to the server was 0 milliseconds ago. The driver has not received any packets from the server.
 WARN Sms Updater Job org.hibernate.util.JDBCExceptionReporter - SQL Error: 0, SQLState: 08S01
 ERROR Sms Updater Job org.hibernate.util.JDBCExceptionReporter - Communications link failure

The last packet sent successfully to the server was 0 milliseconds ago. The driver has not received any packets from the server.
 WARN Sms Updater Job org.hibernate.util.JDBCExceptionReporter - SQL Error: 0, SQLState: 08S01
 ERROR Sms Updater Job org.hibernate.util.JDBCExceptionReporter - Communications link failure

The last packet sent successfully to the server was 0 milliseconds ago. The driver has not received any packets from the server.
 WARN Sms Updater Job org.hibernate.util.JDBCExceptionReporter - SQL Error: 0, SQLState: 08S01
 ERROR Sms Updater Job org.hibernate.util.JDBCExceptionReporter - Communications link failure

The last packet sent successfully to the server was 0 milliseconds ago. The driver has not received any packets from the server.
 WARN Sms Updater Job org.hibernate.util.JDBCExceptionReporter - SQL Error: 0, SQLState: 08S01
 ERROR Sms Updater Job org.hibernate.util.JDBCExceptionReporter - Communications link failure

The last packet sent successfully to the server was 0 milliseconds ago. The driver has not received any packets from the server.
 WARN Sms Updater Job org.hibernate.util.JDBCExceptionReporter - SQL Error: 0, SQLState: 08S01
 ERROR Sms Updater Job org.hibernate.util.JDBCExceptionReporter - Communications link failure

The last packet sent successfully to the server was 0 milliseconds ago. The driver has not received any packets from the server.
 WARN Sms Updater Job org.hibernate.util.JDBCExceptionReporter - SQL Error: 0, SQLState: 08S01
 ERROR Sms Updater Job org.hibernate.util.JDBCExceptionReporter - Communications link failure

The last packet sent successfully to the server was 0 milliseconds ago. The driver has not received any packets from the server.
 WARN Sms Updater Job org.hibernate.util.JDBCExceptionReporter - SQL Error: 0, SQLState: 08S01
 ERROR Sms Updater Job org.hibernate.util.JDBCExceptionReporter - Communications link failure

The last packet sent successfully to the server was 0 milliseconds ago. The driver has not received any packets from the server.
 WARN Sms Updater Job org.hibernate.util.JDBCExceptionReporter - SQL Error: 0, SQLState: 08S01
 ERROR Sms Updater Job org.hibernate.util.JDBCExceptionReporter - Communications link failure

The last packet sent successfully to the server was 0 milliseconds ago. The driver has not received any packets from the server.
 WARN Sms Updater Job org.hibernate.util.JDBCExceptionReporter - SQL Error: 0, SQLState: 08S01
 ERROR Sms Updater Job org.hibernate.util.JDBCExceptionReporter - Communications link failure

The last packet sent successfully to the server was 0 milliseconds ago. The driver has not received any packets from the server.
 WARN Sms Updater Job org.hibernate.util.JDBCExceptionReporter - SQL Error: 0, SQLState: 08S01
 ERROR Sms Updater Job org.hibernate.util.JDBCExceptionReporter - Communications link failure

The last packet sent successfully to the server was 0 milliseconds ago. The driver has not received any packets from the server.
 WARN Sms Updater Job org.hibernate.util.JDBCExceptionReporter - SQL Error: 0, SQLState: 08S01
 ERROR Sms Updater Job org.hibernate.util.JDBCExceptionReporter - Communications link failure

The last packet sent successfully to the server was 0 milliseconds ago. The driver has not received any packets from the server.
 WARN Sms Updater Job org.hibernate.util.JDBCExceptionReporter - SQL Error: 0, SQLState: 08S01
 ERROR Sms Updater Job org.hibernate.util.JDBCExceptionReporter - Communications link failure

The last packet sent successfully to the server was 0 milliseconds ago. The driver has not received any packets from the server.
 WARN Sms Updater Job org.hibernate.util.JDBCExceptionReporter - SQL Error: 0, SQLState: 08S01
 ERROR Sms Updater Job org.hibernate.util.JDBCExceptionReporter - Communications link failure

The last packet sent successfully to the server was 0 milliseconds ago. The driver has not received any packets from the server.
 WARN Sms Updater Job org.hibernate.util.JDBCExceptionReporter - SQL Error: 0, SQLState: 08S01
 ERROR Sms Updater Job org.hibernate.util.JDBCExceptionReporter - Communications link failure

The last packet sent successfully to the server was 0 milliseconds ago. The driver has not received any packets from the server.
 WARN Sms Updater Job org.hibernate.util.JDBCExceptionReporter - SQL Error: 0, SQLState: 08S01
 ERROR Sms Updater Job org.hibernate.util.JDBCExceptionReporter - Communications link failure

The last packet sent successfully to the server was 0 milliseconds ago. The driver has not received any packets from the server.
 WARN Sms Updater Job org.hibernate.util.JDBCExceptionReporter - SQL Error: 0, SQLState: 08S01
 ERROR Sms Updater Job org.hibernate.util.JDBCExceptionReporter - Communications link failure

The last packet sent successfully to the server was 0 milliseconds ago. The driver has not received any packets from the server.
 WARN Sms Updater Job org.hibernate.util.JDBCExceptionReporter - SQL Error: 0, SQLState: 08S01
 ERROR Sms Updater Job org.hibernate.util.JDBCExceptionReporter - Communications link failure

The last packet sent successfully to the server was 0 milliseconds ago. The driver has not received any packets from the server.
 WARN Sms Updater Job org.hibernate.util.JDBCExceptionReporter - SQL Error: 0, SQLState: 08S01
 ERROR Sms Updater Job org.hibernate.util.JDBCExceptionReporter - Communications link failure

The last packet sent successfully to the server was 0 milliseconds ago. The driver has not received any packets from the server.
 WARN Sms Updater Job org.hibernate.util.JDBCExceptionReporter - SQL Error: 0, SQLState: 08S01
 ERROR Sms Updater Job org.hibernate.util.JDBCExceptionReporter - Communications link failure

The last packet sent successfully to the server was 0 milliseconds ago. The driver has not received any packets from the server.
 WARN Sms Updater Job org.hibernate.util.JDBCExceptionReporter - SQL Error: 0, SQLState: 08S01
 ERROR Sms Updater Job org.hibernate.util.JDBCExceptionReporter - Communications link failure

The last packet sent successfully to the server was 0 milliseconds ago. The driver has not received any packets from the server.
 WARN Sms Updater Job org.hibernate.util.JDBCExceptionReporter - SQL Error: 0, SQLState: 08S01
 ERROR Sms Updater Job org.hibernate.util.JDBCExceptionReporter - Communications link failure

The last packet sent successfully to the server was 0 milliseconds ago. The driver has not received any packets from the server.
 WARN Sms Updater Job org.hibernate.util.JDBCExceptionReporter - SQL Error: 0, SQLState: 08S01
 ERROR Sms Updater Job org.hibernate.util.JDBCExceptionReporter - Communications link failure

The last packet sent successfully to the server was 0 milliseconds ago. The driver has not received any packets from the server.
 WARN Sms Updater Job org.hibernate.util.JDBCExceptionReporter - SQL Error: 0, SQLState: 08S01
 ERROR Sms Updater Job org.hibernate.util.JDBCExceptionReporter - Communications link failure

The last packet sent successfully to the server was 0 milliseconds ago. The driver has not received any packets from the server.
 WARN Sms Updater Job org.hibernate.util.JDBCExceptionReporter - SQL Error: 0, SQLState: 08S01
 ERROR Sms Updater Job org.hibernate.util.JDBCExceptionReporter - Communications link failure

The last packet sent successfully to the server was 0 milliseconds ago. The driver has not received any packets from the server.
 WARN Sms Updater Job org.hibernate.util.JDBCExceptionReporter - SQL Error: 0, SQLState: 08S01
 ERROR Sms Updater Job org.hibernate.util.JDBCExceptionReporter - Communications link failure

The last packet sent successfully to the server was 0 milliseconds ago. The driver has not received any packets from the server.
 WARN Sms Updater Job org.hibernate.util.JDBCExceptionReporter - SQL Error: 0, SQLState: 08S01
 ERROR Sms Updater Job org.hibernate.util.JDBCExceptionReporter - Communications link failure

The last packet sent successfully to the server was 0 milliseconds ago. The driver has not received any packets from the server.
 WARN Sms Updater Job org.hibernate.util.JDBCExceptionReporter - SQL Error: 0, SQLState: 08S01
 ERROR Sms Updater Job org.hibernate.util.JDBCExceptionReporter - Communications link failure

The last packet sent successfully to the server was 0 milliseconds ago. The driver has not received any packets from the server.
 WARN Sms Updater Job org.hibernate.util.JDBCExceptionReporter - SQL Error: 0, SQLState: 08S01
 ERROR Sms Updater Job org.hibernate.util.JDBCExceptionReporter - Communications link failure

The last packet sent successfully to the server was 0 milliseconds ago. The driver has not received any packets from the server.
 WARN Sms Updater Job org.hibernate.util.JDBCExceptionReporter - SQL Error: 0, SQLState: 08S01
 ERROR Sms Updater Job org.hibernate.util.JDBCExceptionReporter - Communications link failure

The last packet sent successfully to the server was 0 milliseconds ago. The driver has not received any packets from the server.
 WARN Sms Updater Job org.hibernate.util.JDBCExceptionReporter - SQL Error: 0, SQLState: 08S01
 ERROR Sms Updater Job org.hibernate.util.JDBCExceptionReporter - Communications link failure

The last packet sent successfully to the server was 0 milliseconds ago. The driver has not received any packets from the server.
 WARN Sms Updater Job org.hibernate.util.JDBCExceptionReporter - SQL Error: 0, SQLState: 08S01
 ERROR Sms Updater Job org.hibernate.util.JDBCExceptionReporter - Communications link failure

The last packet sent successfully to the server was 0 milliseconds ago. The driver has not received any packets from the server.
 WARN Sms Updater Job org.hibernate.util.JDBCExceptionReporter - SQL Error: 0, SQLState: 08S01
 ERROR Sms Updater Job org.hibernate.util.JDBCExceptionReporter - Communications link failure

The last packet sent successfully to the server was 0 milliseconds ago. The driver has not received any packets from the server.
 WARN Sms Updater Job org.hibernate.util.JDBCExceptionReporter - SQL Error: 0, SQLState: 08S01
 ERROR Sms Updater Job org.hibernate.util.JDBCExceptionReporter - Communications link failure

The last packet sent successfully to the server was 0 milliseconds ago. The driver has not received any packets from the server.
 WARN Sms Updater Job org.hibernate.util.JDBCExceptionReporter - SQL Error: 0, SQLState: 08S01
 ERROR Sms Updater Job org.hibernate.util.JDBCExceptionReporter - Communications link failure

The last packet sent successfully to the server was 0 milliseconds ago. The driver has not received any packets from the server.
 WARN Sms Updater Job org.hibernate.util.JDBCExceptionReporter - SQL Error: 0, SQLState: 08S01
 ERROR Sms Updater Job org.hibernate.util.JDBCExceptionReporter - Communications link failure

The last packet sent successfully to the server was 0 milliseconds ago. The driver has not received any packets from the server.
 WARN Sms Updater Job org.hibernate.util.JDBCExceptionReporter - SQL Error: 0, SQLState: 08S01
 ERROR Sms Updater Job org.hibernate.util.JDBCExceptionReporter - Communications link failure

The last packet sent successfully to the server was 0 milliseconds ago. The driver has not received any packets from the server.
 WARN Sms Updater Job org.hibernate.util.JDBCExceptionReporter - SQL Error: 0, SQLState: 08S01
 ERROR Sms Updater Job org.hibernate.util.JDBCExceptionReporter - Communications link failure

The last packet sent successfully to the server was 0 milliseconds ago. The driver has not received any packets from the server.
 WARN Sms Updater Job org.hibernate.util.JDBCExceptionReporter - SQL Error: 0, SQLState: 08S01
 ERROR Sms Updater Job org.hibernate.util.JDBCExceptionReporter - Communications link failure

The last packet sent successfully to the server was 0 milliseconds ago. The driver has not received any packets from the server.
 WARN Sms Updater Job org.hibernate.util.JDBCExceptionReporter - SQL Error: 0, SQLState: 08S01
 ERROR Sms Updater Job org.hibernate.util.JDBCExceptionReporter - Communications link failure

The last packet sent successfully to the server was 0 milliseconds ago. The driver has not received any packets from the server.
 WARN Sms Updater Job org.hibernate.util.JDBCExceptionReporter - SQL Error: 0, SQLState: 08S01
 ERROR Sms Updater Job org.hibernate.util.JDBCExceptionReporter - Communications link failure

The last packet sent successfully to the server was 0 milliseconds ago. The driver has not received any packets from the server.
 WARN Sms Updater Job org.hibernate.util.JDBCExceptionReporter - SQL Error: 0, SQLState: 08S01
 ERROR Sms Updater Job org.hibernate.util.JDBCExceptionReporter - Communications link failure

The last packet sent successfully to the server was 0 milliseconds ago. The driver has not received any packets from the server.
 WARN Sms Updater Job org.hibernate.util.JDBCExceptionReporter - SQL Error: 0, SQLState: 08S01
 ERROR Sms Updater Job org.hibernate.util.JDBCExceptionReporter - Communications link failure

The last packet sent successfully to the server was 0 milliseconds ago. The driver has not received any packets from the server.
 WARN Sms Updater Job org.hibernate.util.JDBCExceptionReporter - SQL Error: 0, SQLState: 08S01
 ERROR Sms Updater Job org.hibernate.util.JDBCExceptionReporter - Communications link failure

The last packet sent successfully to the server was 0 milliseconds ago. The driver has not received any packets from the server.
 WARN Sms Updater Job org.hibernate.util.JDBCExceptionReporter - SQL Error: 0, SQLState: 08S01
 ERROR Sms Updater Job org.hibernate.util.JDBCExceptionReporter - Communications link failure

The last packet sent successfully to the server was 0 milliseconds ago. The driver has not received any packets from the server.
 WARN Sms Updater Job org.hibernate.util.JDBCExceptionReporter - SQL Error: 0, SQLState: 08S01
 ERROR Sms Updater Job org.hibernate.util.JDBCExceptionReporter - Communications link failure

The last packet sent successfully to the server was 0 milliseconds ago. The driver has not received any packets from the server.
 WARN Sms Updater Job org.hibernate.util.JDBCExceptionReporter - SQL Error: 0, SQLState: 08S01
 ERROR Sms Updater Job org.hibernate.util.JDBCExceptionReporter - Communications link failure

The last packet sent successfully to the server was 0 milliseconds ago. The driver has not received any packets from the server.
 WARN Sms Updater Job org.hibernate.util.JDBCExceptionReporter - SQL Error: 0, SQLState: 08S01
 ERROR Sms Updater Job org.hibernate.util.JDBCExceptionReporter - Communications link failure

The last packet sent successfully to the server was 0 milliseconds ago. The driver has not received any packets from the server.
 WARN Sms Updater Job org.hibernate.util.JDBCExceptionReporter - SQL Error: 0, SQLState: 08S01
 ERROR Sms Updater Job org.hibernate.util.JDBCExceptionReporter - Communications link failure

The last packet sent successfully to the server was 0 milliseconds ago. The driver has not received any packets from the server.
 WARN Sms Updater Job org.hibernate.util.JDBCExceptionReporter - SQL Error: 0, SQLState: 08S01
 ERROR Sms Updater Job org.hibernate.util.JDBCExceptionReporter - Communications link failure

The last packet sent successfully to the server was 0 milliseconds ago. The driver has not received any packets from the server.
 WARN Sms Updater Job org.hibernate.util.JDBCExceptionReporter - SQL Error: 0, SQLState: 08S01
 ERROR Sms Updater Job org.hibernate.util.JDBCExceptionReporter - Communications link failure

The last packet sent successfully to the server was 0 milliseconds ago. The driver has not received any packets from the server.
 WARN Sms Updater Job org.hibernate.util.JDBCExceptionReporter - SQL Error: 0, SQLState: 08S01
 ERROR Sms Updater Job org.hibernate.util.JDBCExceptionReporter - Communications link failure

The last packet sent successfully to the server was 0 milliseconds ago. The driver has not received any packets from the server.
 WARN Sms Updater Job org.hibernate.util.JDBCExceptionReporter - SQL Error: 0, SQLState: 08S01
 ERROR Sms Updater Job org.hibernate.util.JDBCExceptionReporter - Communications link failure

The last packet sent successfully to the server was 0 milliseconds ago. The driver has not received any packets from the server.
 WARN Sms Updater Job org.hibernate.util.JDBCExceptionReporter - SQL Error: 0, SQLState: 08S01
 ERROR Sms Updater Job org.hibernate.util.JDBCExceptionReporter - Communications link failure

The last packet sent successfully to the server was 0 milliseconds ago. The driver has not received any packets from the server.
 WARN Sms Updater Job org.hibernate.util.JDBCExceptionReporter - SQL Error: 0, SQLState: 08S01
 ERROR Sms Updater Job org.hibernate.util.JDBCExceptionReporter - Communications link failure

The last packet sent successfully to the server was 0 milliseconds ago. The driver has not received any packets from the server.
 WARN Sms Updater Job org.hibernate.util.JDBCExceptionReporter - SQL Error: 0, SQLState: 08S01
 ERROR Sms Updater Job org.hibernate.util.JDBCExceptionReporter - Communications link failure

The last packet sent successfully to the server was 0 milliseconds ago. The driver has not received any packets from the server.
 WARN Sms Updater Job org.hibernate.util.JDBCExceptionReporter - SQL Error: 0, SQLState: 08S01
 ERROR Sms Updater Job org.hibernate.util.JDBCExceptionReporter - Communications link failure

The last packet sent successfully to the server was 0 milliseconds ago. The driver has not received any packets from the server.
 WARN Sms Updater Job org.hibernate.util.JDBCExceptionReporter - SQL Error: 0, SQLState: 08S01
 ERROR Sms Updater Job org.hibernate.util.JDBCExceptionReporter - Communications link failure

The last packet sent successfully to the server was 0 milliseconds ago. The driver has not received any packets from the server.
 WARN Sms Updater Job org.hibernate.util.JDBCExceptionReporter - SQL Error: 0, SQLState: 08S01
 ERROR Sms Updater Job org.hibernate.util.JDBCExceptionReporter - Communications link failure

The last packet sent successfully to the server was 0 milliseconds ago. The driver has not received any packets from the server.
 WARN Sms Updater Job org.hibernate.util.JDBCExceptionReporter - SQL Error: 0, SQLState: 08S01
 ERROR Sms Updater Job org.hibernate.util.JDBCExceptionReporter - Communications link failure

The last packet sent successfully to the server was 0 milliseconds ago. The driver has not received any packets from the server.
 WARN Sms Updater Job org.hibernate.util.JDBCExceptionReporter - SQL Error: 0, SQLState: 08S01
 ERROR Sms Updater Job org.hibernate.util.JDBCExceptionReporter - Communications link failure

The last packet sent successfully to the server was 0 milliseconds ago. The driver has not received any packets from the server.
 WARN Sms Updater Job org.hibernate.util.JDBCExceptionReporter - SQL Error: 0, SQLState: 08S01
 ERROR Sms Updater Job org.hibernate.util.JDBCExceptionReporter - Communications link failure

The last packet sent successfully to the server was 0 milliseconds ago. The driver has not received any packets from the server.
 WARN Sms Updater Job org.hibernate.util.JDBCExceptionReporter - SQL Error: 0, SQLState: 08S01
 ERROR Sms Updater Job org.hibernate.util.JDBCExceptionReporter - Communications link failure

The last packet sent successfully to the server was 0 milliseconds ago. The driver has not received any packets from the server.
 WARN Sms Updater Job org.hibernate.util.JDBCExceptionReporter - SQL Error: 0, SQLState: 08S01
 ERROR Sms Updater Job org.hibernate.util.JDBCExceptionReporter - Communications link failure

The last packet sent successfully to the server was 0 milliseconds ago. The driver has not received any packets from the server.
 WARN Sms Updater Job org.hibernate.util.JDBCExceptionReporter - SQL Error: 0, SQLState: 08S01
 ERROR Sms Updater Job org.hibernate.util.JDBCExceptionReporter - Communications link failure

The last packet sent successfully to the server was 0 milliseconds ago. The driver has not received any packets from the server.
 WARN Sms Updater Job org.hibernate.util.JDBCExceptionReporter - SQL Error: 0, SQLState: 08S01
 ERROR Sms Updater Job org.hibernate.util.JDBCExceptionReporter - Communications link failure

The last packet sent successfully to the server was 0 milliseconds ago. The driver has not received any packets from the server.
 